Grammar

    0 $accept: ptxsource $end

    1 ptxsource: header ptxbody

    2 header: version target address_size

    3 version: TOKEN_VERSION FLOAT

    4 target: TOKEN_TARGET STRING

    5 address_size: TOKEN_ADDRESS_SIZE INT

    6 dataTypeId: TOKEN_U8
    7           | TOKEN_U16
    8           | TOKEN_U32
    9           | TOKEN_U64
   10           | TOKEN_S8
   11           | TOKEN_S16
   12           | TOKEN_S32
   13           | TOKEN_S64
   14           | TOKEN_B8
   15           | TOKEN_B16
   16           | TOKEN_B32
   17           | TOKEN_B64
   18           | TOKEN_F32
   19           | TOKEN_F64

   20 anytoken: TOKEN_ALIGN
   21         | TOKEN_PARAM
   22         | dataTypeId
   23         | STRING
   24         | FLOAT
   25         | INT
   26         | TOKEN_FUNC
   27         | TOKEN_ENTRY
   28         | '['
   29         | ']'
   30         | '{'
   31         | '}'
   32         | '('
   33         | ')'
   34         | ';'
   35         | ','

   36 ptxbody: ptxbody visibleFunctionDeclaration
   37        | visibleFunctionDeclaration
   38        | ptxbody visibleEntryDeclaration
   39        | visibleEntryDeclaration
   40        | ptxbody anytoken
   41        | anytoken

   42 arrayDimensionSet: '[' INT ']'

   43 arrayDimensions: /* empty */
   44                | arrayDimensionSet

   45 identifier: STRING

   46 parameter: TOKEN_PARAM

   47 alignment: TOKEN_ALIGN INT

   48 addressableVariablePrefix: dataTypeId
   49                          | alignment dataTypeId

   50 argumentDeclaration: parameter addressableVariablePrefix identifier arrayDimensions

   51 argumentListBegin: '('

   52 argumentListEnd: ')'

   53 argumentListBody: argumentDeclaration
   54                 | /* empty */
   55                 | argumentListBody ',' argumentDeclaration

   56 argumentList: argumentListBegin argumentListBody argumentListEnd

   57 visibleEntryDeclaration: TOKEN_VISIBLE TOKEN_ENTRY identifier argumentList

   58 visibleFunctionDeclaration: TOKEN_VISIBLE TOKEN_FUNC STRING '('


Terminals, with rules where they appear

$end (0) 0
'(' (40) 32 51 58
')' (41) 33 52
',' (44) 35 55
';' (59) 34
'[' (91) 28 42
']' (93) 29 42
'{' (123) 30
'}' (125) 31
error (256)
TOKEN_VERSION (258) 3
TOKEN_TARGET (259) 4
TOKEN_ADDRESS_SIZE (260) 5
TOKEN_VISIBLE (261) 57 58
TOKEN_FUNC (262) 26 58
TOKEN_ENTRY (263) 27 57
TOKEN_PARAM (264) 21 46
TOKEN_ALIGN (265) 20 47
TOKEN_B8 (266) 14
TOKEN_B16 (267) 15
TOKEN_B32 (268) 16
TOKEN_B64 (269) 17
TOKEN_U8 (270) 6
TOKEN_U16 (271) 7
TOKEN_U32 (272) 8
TOKEN_U64 (273) 9
TOKEN_S8 (274) 10
TOKEN_S16 (275) 11
TOKEN_S32 (276) 12
TOKEN_S64 (277) 13
TOKEN_F32 (278) 18
TOKEN_F64 (279) 19
INT (280) 5 25 42 47
FLOAT (281) 3 24
STRING (282) 4 23 45 58


Nonterminals, with rules where they appear

$accept (36)
    on left: 0
ptxsource (37)
    on left: 1, on right: 0
header (38)
    on left: 2, on right: 1
version (39)
    on left: 3, on right: 2
target (40)
    on left: 4, on right: 2
address_size (41)
    on left: 5, on right: 2
dataTypeId (42)
    on left: 6 7 8 9 10 11 12 13 14 15 16 17 18 19, on right: 22 48
    49
anytoken (43)
    on left: 20 21 22 23 24 25 26 27 28 29 30 31 32 33 34 35, on right:
    40 41
ptxbody (44)
    on left: 36 37 38 39 40 41, on right: 1 36 38 40
arrayDimensionSet (45)
    on left: 42, on right: 44
arrayDimensions (46)
    on left: 43 44, on right: 50
identifier (47)
    on left: 45, on right: 50 57
parameter (48)
    on left: 46, on right: 50
alignment (49)
    on left: 47, on right: 49
addressableVariablePrefix (50)
    on left: 48 49, on right: 50
argumentDeclaration (51)
    on left: 50, on right: 53 55
argumentListBegin (52)
    on left: 51, on right: 56
argumentListEnd (53)
    on left: 52, on right: 56
argumentListBody (54)
    on left: 53 54 55, on right: 55 56
argumentList (55)
    on left: 56, on right: 57
visibleEntryDeclaration (56)
    on left: 57, on right: 38 39
visibleFunctionDeclaration (57)
    on left: 58, on right: 36 37


State 0

    0 $accept: . ptxsource $end

    TOKEN_VERSION  shift, and go to state 1

    ptxsource  go to state 2
    header     go to state 3
    version    go to state 4


State 1

    3 version: TOKEN_VERSION . FLOAT

    FLOAT  shift, and go to state 5


State 2

    0 $accept: ptxsource . $end

    $end  shift, and go to state 6


State 3

    1 ptxsource: header . ptxbody

    TOKEN_VISIBLE  shift, and go to state 7
    TOKEN_FUNC     shift, and go to state 8
    TOKEN_ENTRY    shift, and go to state 9
    TOKEN_PARAM    shift, and go to state 10
    TOKEN_ALIGN    shift, and go to state 11
    TOKEN_B8       shift, and go to state 12
    TOKEN_B16      shift, and go to state 13
    TOKEN_B32      shift, and go to state 14
    TOKEN_B64      shift, and go to state 15
    TOKEN_U8       shift, and go to state 16
    TOKEN_U16      shift, and go to state 17
    TOKEN_U32      shift, and go to state 18
    TOKEN_U64      shift, and go to state 19
    TOKEN_S8       shift, and go to state 20
    TOKEN_S16      shift, and go to state 21
    TOKEN_S32      shift, and go to state 22
    TOKEN_S64      shift, and go to state 23
    TOKEN_F32      shift, and go to state 24
    TOKEN_F64      shift, and go to state 25
    INT            shift, and go to state 26
    FLOAT          shift, and go to state 27
    STRING         shift, and go to state 28
    '['            shift, and go to state 29
    ']'            shift, and go to state 30
    '{'            shift, and go to state 31
    '}'            shift, and go to state 32
    '('            shift, and go to state 33
    ')'            shift, and go to state 34
    ';'            shift, and go to state 35
    ','            shift, and go to state 36

    dataTypeId                  go to state 37
    anytoken                    go to state 38
    ptxbody                     go to state 39
    visibleEntryDeclaration     go to state 40
    visibleFunctionDeclaration  go to state 41


State 4

    2 header: version . target address_size

    TOKEN_TARGET  shift, and go to state 42

    target  go to state 43


State 5

    3 version: TOKEN_VERSION FLOAT .

    $default  reduce using rule 3 (version)


State 6

    0 $accept: ptxsource $end .

    $default  accept


State 7

   57 visibleEntryDeclaration: TOKEN_VISIBLE . TOKEN_ENTRY identifier argumentList
   58 visibleFunctionDeclaration: TOKEN_VISIBLE . TOKEN_FUNC STRING '('

    TOKEN_FUNC   shift, and go to state 44
    TOKEN_ENTRY  shift, and go to state 45


State 8

   26 anytoken: TOKEN_FUNC .

    $default  reduce using rule 26 (anytoken)


State 9

   27 anytoken: TOKEN_ENTRY .

    $default  reduce using rule 27 (anytoken)


State 10

   21 anytoken: TOKEN_PARAM .

    $default  reduce using rule 21 (anytoken)


State 11

   20 anytoken: TOKEN_ALIGN .

    $default  reduce using rule 20 (anytoken)


State 12

   14 dataTypeId: TOKEN_B8 .

    $default  reduce using rule 14 (dataTypeId)


State 13

   15 dataTypeId: TOKEN_B16 .

    $default  reduce using rule 15 (dataTypeId)


State 14

   16 dataTypeId: TOKEN_B32 .

    $default  reduce using rule 16 (dataTypeId)


State 15

   17 dataTypeId: TOKEN_B64 .

    $default  reduce using rule 17 (dataTypeId)


State 16

    6 dataTypeId: TOKEN_U8 .

    $default  reduce using rule 6 (dataTypeId)


State 17

    7 dataTypeId: TOKEN_U16 .

    $default  reduce using rule 7 (dataTypeId)


State 18

    8 dataTypeId: TOKEN_U32 .

    $default  reduce using rule 8 (dataTypeId)


State 19

    9 dataTypeId: TOKEN_U64 .

    $default  reduce using rule 9 (dataTypeId)


State 20

   10 dataTypeId: TOKEN_S8 .

    $default  reduce using rule 10 (dataTypeId)


State 21

   11 dataTypeId: TOKEN_S16 .

    $default  reduce using rule 11 (dataTypeId)


State 22

   12 dataTypeId: TOKEN_S32 .

    $default  reduce using rule 12 (dataTypeId)


State 23

   13 dataTypeId: TOKEN_S64 .

    $default  reduce using rule 13 (dataTypeId)


State 24

   18 dataTypeId: TOKEN_F32 .

    $default  reduce using rule 18 (dataTypeId)


State 25

   19 dataTypeId: TOKEN_F64 .

    $default  reduce using rule 19 (dataTypeId)


State 26

   25 anytoken: INT .

    $default  reduce using rule 25 (anytoken)


State 27

   24 anytoken: FLOAT .

    $default  reduce using rule 24 (anytoken)


State 28

   23 anytoken: STRING .

    $default  reduce using rule 23 (anytoken)


State 29

   28 anytoken: '[' .

    $default  reduce using rule 28 (anytoken)


State 30

   29 anytoken: ']' .

    $default  reduce using rule 29 (anytoken)


State 31

   30 anytoken: '{' .

    $default  reduce using rule 30 (anytoken)


State 32

   31 anytoken: '}' .

    $default  reduce using rule 31 (anytoken)


State 33

   32 anytoken: '(' .

    $default  reduce using rule 32 (anytoken)


State 34

   33 anytoken: ')' .

    $default  reduce using rule 33 (anytoken)


State 35

   34 anytoken: ';' .

    $default  reduce using rule 34 (anytoken)


State 36

   35 anytoken: ',' .

    $default  reduce using rule 35 (anytoken)


State 37

   22 anytoken: dataTypeId .

    $default  reduce using rule 22 (anytoken)


State 38

   41 ptxbody: anytoken .

    $default  reduce using rule 41 (ptxbody)


State 39

    1 ptxsource: header ptxbody .
   36 ptxbody: ptxbody . visibleFunctionDeclaration
   38        | ptxbody . visibleEntryDeclaration
   40        | ptxbody . anytoken

    TOKEN_VISIBLE  shift, and go to state 7
    TOKEN_FUNC     shift, and go to state 8
    TOKEN_ENTRY    shift, and go to state 9
    TOKEN_PARAM    shift, and go to state 10
    TOKEN_ALIGN    shift, and go to state 11
    TOKEN_B8       shift, and go to state 12
    TOKEN_B16      shift, and go to state 13
    TOKEN_B32      shift, and go to state 14
    TOKEN_B64      shift, and go to state 15
    TOKEN_U8       shift, and go to state 16
    TOKEN_U16      shift, and go to state 17
    TOKEN_U32      shift, and go to state 18
    TOKEN_U64      shift, and go to state 19
    TOKEN_S8       shift, and go to state 20
    TOKEN_S16      shift, and go to state 21
    TOKEN_S32      shift, and go to state 22
    TOKEN_S64      shift, and go to state 23
    TOKEN_F32      shift, and go to state 24
    TOKEN_F64      shift, and go to state 25
    INT            shift, and go to state 26
    FLOAT          shift, and go to state 27
    STRING         shift, and go to state 28
    '['            shift, and go to state 29
    ']'            shift, and go to state 30
    '{'            shift, and go to state 31
    '}'            shift, and go to state 32
    '('            shift, and go to state 33
    ')'            shift, and go to state 34
    ';'            shift, and go to state 35
    ','            shift, and go to state 36

    $default  reduce using rule 1 (ptxsource)

    dataTypeId                  go to state 37
    anytoken                    go to state 46
    visibleEntryDeclaration     go to state 47
    visibleFunctionDeclaration  go to state 48


State 40

   39 ptxbody: visibleEntryDeclaration .

    $default  reduce using rule 39 (ptxbody)


State 41

   37 ptxbody: visibleFunctionDeclaration .

    $default  reduce using rule 37 (ptxbody)


State 42

    4 target: TOKEN_TARGET . STRING

    STRING  shift, and go to state 49


State 43

    2 header: version target . address_size

    TOKEN_ADDRESS_SIZE  shift, and go to state 50

    address_size  go to state 51


State 44

   58 visibleFunctionDeclaration: TOKEN_VISIBLE TOKEN_FUNC . STRING '('

    STRING  shift, and go to state 52


State 45

   57 visibleEntryDeclaration: TOKEN_VISIBLE TOKEN_ENTRY . identifier argumentList

    STRING  shift, and go to state 53

    identifier  go to state 54


State 46

   40 ptxbody: ptxbody anytoken .

    $default  reduce using rule 40 (ptxbody)


State 47

   38 ptxbody: ptxbody visibleEntryDeclaration .

    $default  reduce using rule 38 (ptxbody)


State 48

   36 ptxbody: ptxbody visibleFunctionDeclaration .

    $default  reduce using rule 36 (ptxbody)


State 49

    4 target: TOKEN_TARGET STRING .

    $default  reduce using rule 4 (target)


State 50

    5 address_size: TOKEN_ADDRESS_SIZE . INT

    INT  shift, and go to state 55


State 51

    2 header: version target address_size .

    $default  reduce using rule 2 (header)


State 52

   58 visibleFunctionDeclaration: TOKEN_VISIBLE TOKEN_FUNC STRING . '('

    '('  shift, and go to state 56


State 53

   45 identifier: STRING .

    $default  reduce using rule 45 (identifier)


State 54

   57 visibleEntryDeclaration: TOKEN_VISIBLE TOKEN_ENTRY identifier . argumentList

    '('  shift, and go to state 57

    argumentListBegin  go to state 58
    argumentList       go to state 59


State 55

    5 address_size: TOKEN_ADDRESS_SIZE INT .

    $default  reduce using rule 5 (address_size)


State 56

   58 visibleFunctionDeclaration: TOKEN_VISIBLE TOKEN_FUNC STRING '(' .

    $default  reduce using rule 58 (visibleFunctionDeclaration)


State 57

   51 argumentListBegin: '(' .

    $default  reduce using rule 51 (argumentListBegin)


State 58

   56 argumentList: argumentListBegin . argumentListBody argumentListEnd

    TOKEN_PARAM  shift, and go to state 60

    $default  reduce using rule 54 (argumentListBody)

    parameter            go to state 61
    argumentDeclaration  go to state 62
    argumentListBody     go to state 63


State 59

   57 visibleEntryDeclaration: TOKEN_VISIBLE TOKEN_ENTRY identifier argumentList .

    $default  reduce using rule 57 (visibleEntryDeclaration)


State 60

   46 parameter: TOKEN_PARAM .

    $default  reduce using rule 46 (parameter)


State 61

   50 argumentDeclaration: parameter . addressableVariablePrefix identifier arrayDimensions

    TOKEN_ALIGN  shift, and go to state 64
    TOKEN_B8     shift, and go to state 12
    TOKEN_B16    shift, and go to state 13
    TOKEN_B32    shift, and go to state 14
    TOKEN_B64    shift, and go to state 15
    TOKEN_U8     shift, and go to state 16
    TOKEN_U16    shift, and go to state 17
    TOKEN_U32    shift, and go to state 18
    TOKEN_U64    shift, and go to state 19
    TOKEN_S8     shift, and go to state 20
    TOKEN_S16    shift, and go to state 21
    TOKEN_S32    shift, and go to state 22
    TOKEN_S64    shift, and go to state 23
    TOKEN_F32    shift, and go to state 24
    TOKEN_F64    shift, and go to state 25

    dataTypeId                 go to state 65
    alignment                  go to state 66
    addressableVariablePrefix  go to state 67


State 62

   53 argumentListBody: argumentDeclaration .

    $default  reduce using rule 53 (argumentListBody)


State 63

   55 argumentListBody: argumentListBody . ',' argumentDeclaration
   56 argumentList: argumentListBegin argumentListBody . argumentListEnd

    ')'  shift, and go to state 68
    ','  shift, and go to state 69

    argumentListEnd  go to state 70


State 64

   47 alignment: TOKEN_ALIGN . INT

    INT  shift, and go to state 71


State 65

   48 addressableVariablePrefix: dataTypeId .

    $default  reduce using rule 48 (addressableVariablePrefix)


State 66

   49 addressableVariablePrefix: alignment . dataTypeId

    TOKEN_B8   shift, and go to state 12
    TOKEN_B16  shift, and go to state 13
    TOKEN_B32  shift, and go to state 14
    TOKEN_B64  shift, and go to state 15
    TOKEN_U8   shift, and go to state 16
    TOKEN_U16  shift, and go to state 17
    TOKEN_U32  shift, and go to state 18
    TOKEN_U64  shift, and go to state 19
    TOKEN_S8   shift, and go to state 20
    TOKEN_S16  shift, and go to state 21
    TOKEN_S32  shift, and go to state 22
    TOKEN_S64  shift, and go to state 23
    TOKEN_F32  shift, and go to state 24
    TOKEN_F64  shift, and go to state 25

    dataTypeId  go to state 72


State 67

   50 argumentDeclaration: parameter addressableVariablePrefix . identifier arrayDimensions

    STRING  shift, and go to state 53

    identifier  go to state 73


State 68

   52 argumentListEnd: ')' .

    $default  reduce using rule 52 (argumentListEnd)


State 69

   55 argumentListBody: argumentListBody ',' . argumentDeclaration

    TOKEN_PARAM  shift, and go to state 60

    parameter            go to state 61
    argumentDeclaration  go to state 74


State 70

   56 argumentList: argumentListBegin argumentListBody argumentListEnd .

    $default  reduce using rule 56 (argumentList)


State 71

   47 alignment: TOKEN_ALIGN INT .

    $default  reduce using rule 47 (alignment)


State 72

   49 addressableVariablePrefix: alignment dataTypeId .

    $default  reduce using rule 49 (addressableVariablePrefix)


State 73

   50 argumentDeclaration: parameter addressableVariablePrefix identifier . arrayDimensions

    '['  shift, and go to state 75

    $default  reduce using rule 43 (arrayDimensions)

    arrayDimensionSet  go to state 76
    arrayDimensions    go to state 77


State 74

   55 argumentListBody: argumentListBody ',' argumentDeclaration .

    $default  reduce using rule 55 (argumentListBody)


State 75

   42 arrayDimensionSet: '[' . INT ']'

    INT  shift, and go to state 78


State 76

   44 arrayDimensions: arrayDimensionSet .

    $default  reduce using rule 44 (arrayDimensions)


State 77

   50 argumentDeclaration: parameter addressableVariablePrefix identifier arrayDimensions .

    $default  reduce using rule 50 (argumentDeclaration)


State 78

   42 arrayDimensionSet: '[' INT . ']'

    ']'  shift, and go to state 79


State 79

   42 arrayDimensionSet: '[' INT ']' .

    $default  reduce using rule 42 (arrayDimensionSet)
